<?xml version="1.0" encoding="UTF-8"?>
<testsuite xmlns:xsi="http://www.w3.org/2001/XMLSchema-instance" xsi:noNamespaceSchemaLocation="https://maven.apache.org/surefire/maven-failsafe-plugin/xsd/failsafe-test-report-3.0.xsd" version="3.0" name="As a user I want to see product details and buy products on the home page" time="23.128" tests="1" errors="0" skipped="0" failures="0">
  <properties>
[...]
</properties>
  <testcase name="As user I want to see detail a Laptop" classname="As a user I want to see product details and buy products on the home page" time="23.128">
    <system-out><![CDATA[07:43:11.514 [main] DEBUG net.thucydides.core.util.PropertiesFileLocalPreferences - LOADING LOCAL PROPERTIES FROM C:\Users\Asus\IdeaProjects\FINALPROJEKWEB_IAN\serenity.properties 

07:43:11.578 [main] DEBUG net.thucydides.core.util.PropertiesFileLocalPreferences - LOADING LOCAL PROPERTIES FROM C:\Users\Asus\IdeaProjects\FINALPROJEKWEB_IAN\serenity.properties 

07:43:11.580 [main] DEBUG net.thucydides.core.util.PropertiesFileLocalPreferences - LOADING LOCAL PROPERTIES FROM C:\Users\Asus\IdeaProjects\FINALPROJEKWEB_IAN\serenity.properties 

07:43:11.602 [main] DEBUG net.thucydides.core.util.PropertiesFileLocalPreferences - webdriver.driver=chrome

07:43:11.602 [main] DEBUG net.thucydides.core.util.PropertiesFileLocalPreferences - webdriver.chrome.driver=src/test/resources/webdriver/chromedriver.exe

07:43:11.602 [main] DEBUG net.thucydides.core.util.PropertiesFileLocalPreferences - webdriver.base.url=https://qa.alta.id

07:43:12.451 [pool-2-thread-1] INFO io.cucumber.core.plugin.SerenityReporter - Running feature from file:///C:/Users/Asus/IdeaProjects/FINALPROJEKWEB_IAN/src/test/resources/features/detail.feature

07:43:12.826 [pool-2-thread-1] DEBUG net.thucydides.core.util.PropertiesFileLocalPreferences - LOADING LOCAL PROPERTIES FROM C:\Users\Asus\IdeaProjects\FINALPROJEKWEB_IAN\serenity.properties 

07:43:12.840 [pool-2-thread-1] DEBUG net.thucydides.core.util.PropertiesFileLocalPreferences - LOADING LOCAL PROPERTIES FROM C:\Users\Asus\IdeaProjects\FINALPROJEKWEB_IAN\serenity.properties 

07:43:12.842 [pool-2-thread-1] DEBUG net.thucydides.core.util.PropertiesFileLocalPreferences - LOADING LOCAL PROPERTIES FROM C:\Users\Asus\IdeaProjects\FINALPROJEKWEB_IAN\serenity.properties 

07:43:12.845 [pool-2-thread-1] DEBUG net.thucydides.core.util.PropertiesFileLocalPreferences - webdriver.driver=chrome

07:43:12.846 [pool-2-thread-1] DEBUG net.thucydides.core.util.PropertiesFileLocalPreferences - webdriver.chrome.driver=src/test/resources/webdriver/chromedriver.exe

07:43:12.846 [pool-2-thread-1] DEBUG net.thucydides.core.util.PropertiesFileLocalPreferences - webdriver.base.url=https://qa.alta.id

07:43:12.862 [pool-2-thread-1] INFO  - 

-------------------------------------------------------------------------------------
     _______. _______ .______       _______ .__   __.  __  .___________.____    ____ 
    /       ||   ____||   _  \     |   ____||  \ |  | |  | |           |\   \  /   / 
   |   (----`|  |__   |  |_)  |    |  |__   |   \|  | |  | `---|  |----` \   \/   /  
    \   \    |   __|  |      /     |   __|  |  . `  | |  |     |  |       \_    _/   
.----)   |   |  |____ |  |\  \----.|  |____ |  |\   | |  |     |  |         |  |     
|_______/    |_______|| _| `._____||_______||__| \__| |__|     |__|         |__|    
                                                                                     
 News and tutorials at http://www.serenity-bdd.info                                  
 Documentation at https://wakaleo.gitbooks.io/the-serenity-book/content/             
 Join the Serenity Community on Gitter: https://gitter.im/serenity-bdd/serenity-core 
 Serenity BDD Support and Training at http://serenity-bdd.info/#/trainingandsupport  
-------------------------------------------------------------------------------------


07:43:12.869 [pool-2-thread-1] DEBUG net.thucydides.core.steps.StepEventBus - Test suite started for story net.thucydides.core.model.Story@ff115771

07:43:12.872 [pool-2-thread-1] INFO  - Test Suite Started: As a user I want to see product details and buy products on the home page

07:43:12.909 [pool-2-thread-1] INFO io.cucumber.core.plugin.SerenityReporter - Running feature from file:///C:/Users/Asus/IdeaProjects/FINALPROJEKWEB_IAN/src/test/resources/features/login.feature

07:43:12.922 [pool-2-thread-1] DEBUG net.thucydides.core.steps.StepEventBus - Test suite started for story net.thucydides.core.model.Story@991882e1

07:43:12.923 [pool-2-thread-1] INFO  - Test Suite Started: As user i want to login so that i can see my home page

07:43:12.924 [pool-2-thread-1] INFO io.cucumber.core.plugin.SerenityReporter - Running feature from file:///C:/Users/Asus/IdeaProjects/FINALPROJEKWEB_IAN/src/test/resources/features/order.feature

07:43:12.938 [pool-2-thread-1] DEBUG net.thucydides.core.steps.StepEventBus - Test suite started for story net.thucydides.core.model.Story@8a380e5

07:43:12.939 [pool-2-thread-1] INFO  - Test Suite Started: As user i want to adding and reduce value a product on order page

07:43:12.940 [pool-2-thread-1] INFO io.cucumber.core.plugin.SerenityReporter - Running feature from file:///C:/Users/Asus/IdeaProjects/FINALPROJEKWEB_IAN/src/test/resources/features/regis.feature

07:43:12.955 [pool-2-thread-1] DEBUG net.thucydides.core.steps.StepEventBus - Test suite started for story net.thucydides.core.model.Story@6fbfe58

07:43:12.956 [pool-2-thread-1] INFO  - Test Suite Started: As a user I want to register so I can login to my home page

07:43:12.957 [pool-2-thread-1] INFO io.cucumber.core.plugin.SerenityReporter - Running feature from file:///C:/Users/Asus/IdeaProjects/FINALPROJEKWEB_IAN/src/test/resources/features/selectcategories.feature

07:43:12.970 [pool-2-thread-1] DEBUG net.thucydides.core.steps.StepEventBus - Test suite started for story net.thucydides.core.model.Story@85dfe6b1

07:43:12.971 [pool-2-thread-1] INFO  - Test Suite Started: As user i want to select category


@WebTest_3
Scenario: As user I want to see detail a Laptop &amp#27;[90m# src/test/resources/features/detail.feature:4&amp#27;[0m
07:43:13.418 [pool-2-thread-1] INFO io.cucumber.core.plugin.SerenityReporter - Running feature from file:///C:/Users/Asus/IdeaProjects/FINALPROJEKWEB_IAN/src/test/resources/features/detail.feature
07:43:13.638 [pool-2-thread-1] INFO  - 
  _____   ___   ___   _____     ___   _____     _     ___   _____   ___   ___  
 |_   _| | __| / __| |_   _|   / __| |_   _|   /_\   | _ \ |_   _| | __| |   \ 
   | |   | _|  \__ \   | |     \__ \   | |    / _ \  |   /   | |   | _|  | |) |
   |_|   |___| |___/   |_|     |___/   |_|   /_/ \_\ |_|_\   |_|   |___| |___/ 

As user I want to see detail a Laptop(as-a-user-i-want-to-see-product-details-and-buy-products-on-the-home-page;as-user-i-want-to-see-detail-a-laptop)
--------------------------------------------------------------------------------
07:43:13.873 [pool-2-thread-1] DEBUG net.thucydides.core.requirements.model.cucumber.CucumberParser - Added feature As a user I want to see product details and buy products on the home page
07:43:13.911 [pool-2-thread-1] DEBUG net.thucydides.core.requirements.model.cucumber.CucumberParser - Added feature As user i want to login so that i can see my home page
07:43:13.964 [pool-2-thread-1] DEBUG net.thucydides.core.requirements.model.cucumber.CucumberParser - Added feature As user i want to adding and reduce value a product on order page
07:43:13.985 [pool-2-thread-1] DEBUG net.thucydides.core.requirements.model.cucumber.CucumberParser - Added feature As a user I want to register so I can login to my home page
07:43:14.001 [pool-2-thread-1] DEBUG net.thucydides.core.requirements.model.cucumber.CucumberParser - Added feature As user i want to select category
07:43:15.820 [pool-2-thread-1] DEBUG net.thucydides.core.steps.StepInterceptor - STARTING STEP: DetailStep.userDetailHomePage - openPage
07:43:15.943 [pool-2-thread-1] INFO net.serenitybdd.core.webdriver.driverproviders.ChromeDriverProvider - Using automatically driver download
07:43:16.807 [pool-2-thread-1] DEBUG io.github.bonigarcia.wdm.cache.ResolutionCache - Resolution chrome=101 in cache (valid until 08:08:11 19/05/2022 WIB)
07:43:16.809 [pool-2-thread-1] DEBUG io.github.bonigarcia.wdm.cache.ResolutionCache - Resolution chrome101=101.0.4951.41 in cache (valid until 12:45:11 19/05/2022 WIB)
07:43:16.810 [pool-2-thread-1] INFO io.github.bonigarcia.wdm.WebDriverManager - Using chromedriver 101.0.4951.41 (resolved driver for Chrome 101)
07:43:16.833 [pool-2-thread-1] DEBUG io.github.bonigarcia.wdm.WebDriverManager - Driver chromedriver 101.0.4951.41 found in cache
07:43:16.835 [pool-2-thread-1] INFO io.github.bonigarcia.wdm.WebDriverManager - Exporting webdriver.chrome.driver as C:\Users\Asus\.cache\selenium\chromedriver\win32\101.0.4951.41\chromedriver.exe
07:43:19.645 [pool-2-thread-1] INFO net.serenitybdd.core.webdriver.driverproviders.ProvideNewDriver - Instantiating driver
07:43:19.645 [pool-2-thread-1] INFO net.serenitybdd.core.webdriver.driverproviders.ProvideNewDriver - Driver capabilities: Capabilities {acceptInsecureCerts: false, base.url: https://qa.alta.id, browserName: chrome, chrome.driver: src/test/resources/webdrive..., driver: chrome, goog:chromeOptions: {args: [], extensions: []}, loggingPrefs: org.openqa.selenium.logging...}
07:43:32.936 [pool-2-thread-1] DEBUG net.serenitybdd.core.photography.Darkroom - Opening darkroom
07:43:32.949 [Darkroom Processing Line] DEBUG net.serenitybdd.core.photography.DarkroomProcessingLine - Darkroom processing line starting up
07:43:33.269 [pool-2-thread-1] DEBUG net.serenitybdd.core.photography.Darkroom - Send negative for processing for target\site\serenity\83d74089e132d6d9c831dcb5016d6f33efe06b46bcf56ecce18585c251ddcbb3.png
07:43:33.270 [Darkroom Processing Line] DEBUG net.serenitybdd.core.photography.DarkroomProcessingLine - Processing screenshot image in /var/screenshots/screenshot-7172584090276522393
07:43:33.271 [Darkroom Processing Line] DEBUG net.serenitybdd.core.photography.DarkroomProcessingLine - Saving screenshot to target\site\serenity\83d74089e132d6d9c831dcb5016d6f33efe06b46bcf56ecce18585c251ddcbb3.png
07:43:33.274 [pool-2-thread-1] DEBUG net.thucydides.core.steps.StepInterceptor - STEP DONE: openPage
07:43:33.303 [pool-2-thread-1] DEBUG net.thucydides.core.steps.StepInterceptor - STARTING STEP: DetailStep.userDetailHomePage - homePage
07:43:33.601 [pool-2-thread-1] DEBUG net.serenitybdd.core.photography.Darkroom - Send negative for processing for target\site\serenity\83d74089e132d6d9c831dcb5016d6f33efe06b46bcf56ecce18585c251ddcbb3.png
07:43:33.601 [pool-2-thread-1] DEBUG net.thucydides.core.steps.StepInterceptor - STEP DONE: homePage
  &amp#27;[32mGiven &amp#27;[0m&amp#27;[32muser on home page detail&amp#27;[0m                &amp#27;[90m# starter.stepdefinition.DetailStep.userDetailHomePage()&amp#27;[0m
07:43:33.811 [pool-2-thread-1] DEBUG net.serenitybdd.core.photography.Darkroom - Send negative for processing for target\site\serenity\83d74089e132d6d9c831dcb5016d6f33efe06b46bcf56ecce18585c251ddcbb3.png
07:43:33.813 [pool-2-thread-1] DEBUG net.thucydides.core.steps.StepInterceptor - STARTING STEP: DetailStep.clickDetailButtom - clickDetailLaptop
07:43:34.800 [pool-2-thread-1] DEBUG net.serenitybdd.core.photography.Darkroom - Send negative for processing for target\site\serenity\1a6335e90240cc4cd60beb961430bba91f2a6ca918e024d9407e976e51a18289.png
07:43:34.801 [pool-2-thread-1] DEBUG net.thucydides.core.steps.StepInterceptor - STEP DONE: clickDetailLaptop
  &amp#27;[32mWhen &amp#27;[0m&amp#27;[32muser click detail button Laptop&amp#27;[0m          &amp#27;[90m# starter.stepdefinition.DetailStep.clickDetailButtom()&amp#27;[0m
07:43:34.802 [Darkroom Processing Line] DEBUG net.serenitybdd.core.photography.DarkroomProcessingLine - Processing screenshot image in /var/screenshots/screenshot-5737262034784822936
07:43:34.802 [Darkroom Processing Line] DEBUG net.serenitybdd.core.photography.DarkroomProcessingLine - Saving screenshot to target\site\serenity\1a6335e90240cc4cd60beb961430bba91f2a6ca918e024d9407e976e51a18289.png
07:43:34.843 [pool-2-thread-1] DEBUG net.thucydides.core.steps.StepInterceptor - STARTING STEP: DetailStep.validateDetailDurianJatuh - validasiLaptopdetailku
07:43:35.102 [pool-2-thread-1] DEBUG net.serenitybdd.core.photography.Darkroom - Send negative for processing for target\site\serenity\20d043f9d22e6fa979a28a2ffc09437a8303be3c894f2c80055f593d23d6d96c.png
07:43:35.103 [pool-2-thread-1] DEBUG net.thucydides.core.steps.StepInterceptor - STEP DONE: validasiLaptopdetailku
07:43:35.103 [Darkroom Processing Line] DEBUG net.serenitybdd.core.photography.DarkroomProcessingLine - Processing screenshot image in /var/screenshots/screenshot-11295881716550267465
  &amp#27;[32mThen &amp#27;[0m&amp#27;[32muser sucsess see detail Laptop Page&amp#27;[0m      &amp#27;[90m# starter.stepdefinition.DetailStep.validateDetailDurianJatuh()&amp#27;[0m
07:43:35.103 [Darkroom Processing Line] DEBUG net.serenitybdd.core.photography.DarkroomProcessingLine - Saving screenshot to target\site\serenity\20d043f9d22e6fa979a28a2ffc09437a8303be3c894f2c80055f593d23d6d96c.png
07:43:35.122 [pool-2-thread-1] INFO  - 
  _____   ___   ___   _____     ___     _     ___   ___   ___   ___  
 |_   _| | __| / __| |_   _|   | _ \   /_\   / __| / __| | __| |   \ 
   | |   | _|  \__ \   | |     |  _/  / _ \  \__ \ \__ \ | _|  | |) |
   |_|   |___| |___/   |_|     |_|   /_/ \_\ |___/ |___/ |___| |___/ 

As user I want to see detail a Laptop
----------------------------------------------------------------------
]]></system-out>
    <system-err><![CDATA[Starting ChromeDriver 101.0.4951.41 (93c720db8323b3ec10d056025ab95c23a31997c9-refs/branch-heads/4951@{#904}) on port 39026
Only local connections are allowed.
Please see https://chromedriver.chromium.org/security-considerations for suggestions on keeping ChromeDriver safe.
ChromeDriver was started successfully.
May 19, 2022 7:43:22 AM org.openqa.selenium.remote.ProtocolHandshake createSession
INFO: Detected dialect: W3C
]]></system-err>
  </testcase>
</testsuite>