<?xml version="1.0" encoding="UTF-8"?>
<testsuite xmlns:xsi="http://www.w3.org/2001/XMLSchema-instance" xsi:noNamespaceSchemaLocation="https://maven.apache.org/surefire/maven-failsafe-plugin/xsd/failsafe-test-report-3.0.xsd" version="3.0" name="As user I want to see books detail" time="41.01" tests="1" errors="0" skipped="0" failures="0">
  <properties>
[...]
</properties>
  <testcase name="I want to see books detail" classname="As user I want to see books detail" time="41.01">
    <system-out><![CDATA[23:31:56.216 [main] DEBUG net.thucydides.core.util.PropertiesFileLocalPreferences - LOADING LOCAL PROPERTIES FROM C:\Users\Asus\IdeaProjects\webtest-Ian\serenity.properties 

23:31:56.283 [main] DEBUG net.thucydides.core.util.PropertiesFileLocalPreferences - LOADING LOCAL PROPERTIES FROM C:\Users\Asus\IdeaProjects\webtest-Ian\serenity.properties 

23:31:56.284 [main] DEBUG net.thucydides.core.util.PropertiesFileLocalPreferences - LOADING LOCAL PROPERTIES FROM C:\Users\Asus\IdeaProjects\webtest-Ian\serenity.properties 

23:31:56.335 [main] DEBUG net.thucydides.core.util.PropertiesFileLocalPreferences - webdriver.driver=chrome

23:31:56.335 [main] DEBUG net.thucydides.core.util.PropertiesFileLocalPreferences - webdriver.chrome.driver=src/test/resources/webdriver/chromedriver.exe

23:31:56.335 [main] DEBUG net.thucydides.core.util.PropertiesFileLocalPreferences - webdriver.base.url=https://demoqa.com/books    

23:31:57.254 [pool-2-thread-1] INFO io.cucumber.core.plugin.SerenityReporter - Running feature from file:///C:/Users/Asus/IdeaProjects/webtest-Ian/src/test/resources/features/books.feature

23:31:57.674 [pool-2-thread-1] DEBUG net.thucydides.core.util.PropertiesFileLocalPreferences - LOADING LOCAL PROPERTIES FROM C:\Users\Asus\IdeaProjects\webtest-Ian\serenity.properties 

23:31:57.689 [pool-2-thread-1] DEBUG net.thucydides.core.util.PropertiesFileLocalPreferences - LOADING LOCAL PROPERTIES FROM C:\Users\Asus\IdeaProjects\webtest-Ian\serenity.properties 

23:31:57.690 [pool-2-thread-1] DEBUG net.thucydides.core.util.PropertiesFileLocalPreferences - LOADING LOCAL PROPERTIES FROM C:\Users\Asus\IdeaProjects\webtest-Ian\serenity.properties 

23:31:57.692 [pool-2-thread-1] DEBUG net.thucydides.core.util.PropertiesFileLocalPreferences - webdriver.driver=chrome

23:31:57.692 [pool-2-thread-1] DEBUG net.thucydides.core.util.PropertiesFileLocalPreferences - webdriver.chrome.driver=src/test/resources/webdriver/chromedriver.exe

23:31:57.693 [pool-2-thread-1] DEBUG net.thucydides.core.util.PropertiesFileLocalPreferences - webdriver.base.url=https://demoqa.com/books    

23:31:57.714 [pool-2-thread-1] INFO  - 

-------------------------------------------------------------------------------------
     _______. _______ .______       _______ .__   __.  __  .___________.____    ____ 
    /       ||   ____||   _  \     |   ____||  \ |  | |  | |           |\   \  /   / 
   |   (----`|  |__   |  |_)  |    |  |__   |   \|  | |  | `---|  |----` \   \/   /  
    \   \    |   __|  |      /     |   __|  |  . `  | |  |     |  |       \_    _/   
.----)   |   |  |____ |  |\  \----.|  |____ |  |\   | |  |     |  |         |  |     
|_______/    |_______|| _| `._____||_______||__| \__| |__|     |__|         |__|    
                                                                                     
 News and tutorials at http://www.serenity-bdd.info                                  
 Documentation at https://wakaleo.gitbooks.io/the-serenity-book/content/             
 Join the Serenity Community on Gitter: https://gitter.im/serenity-bdd/serenity-core 
 Serenity BDD Support and Training at http://serenity-bdd.info/#/trainingandsupport  
-------------------------------------------------------------------------------------


23:31:57.723 [pool-2-thread-1] DEBUG net.thucydides.core.steps.StepEventBus - Test suite started for story net.thucydides.core.model.Story@f207a904

23:31:57.727 [pool-2-thread-1] INFO  - Test Suite Started: As user I want to see books detail



1
 Scenarios (
&amp#27;[32m1 passed&amp#27;[0m
)

3
 Steps (
&amp#27;[32m3 passed&amp#27;[0m
)

0m
41.545s





23:32:38.797 [pool-2-thread-1] DEBUG net.thucydides.core.reports.ReportService - Reporting formats: [JSON, HTML]

23:32:38.993 [pool-2-thread-1] DEBUG net.thucydides.core.reports.ReportService - Reporting formats: [JSON, HTML]

23:32:39.039 [pool-2-thread-1] DEBUG net.thucydides.core.reports.ReportService - Generating reports for 1 test outcomes using: net.thucydides.core.reports.json.JSONTestOutcomeReporter@34e71ba8

23:32:39.041 [pool-2-thread-1] DEBUG net.thucydides.core.reports.ReportService - Processing test outcome As user I want to see books detail:I want to see books detail

23:32:39.042 [pool-2-thread-1] INFO net.thucydides.core.reports.ReportService - net.thucydides.core.reports.json.JSONTestOutcomeReporter@34e71ba8: Generating report for test outcome: As user I want to see books detail:I want to see books detail

23:32:39.052 [pool-2-thread-1] DEBUG net.thucydides.core.reports.json.JSONTestOutcomeReporter - Generating JSON report for I want to see books detail to file C:\Users\Asus\IdeaProjects\webtest-Ian\target\site\serenity\ea4f4795abb756188d30f7f2e815a80086497408fc47e633fae2f69d092c5e26.json (using temp file C:\Users\Asus\IdeaProjects\webtest-Ian\target\site\serenity\ea4f4795abb756188d30f7f2e815a80086497408fc47e633fae2f69d092c5e26.json127f520f-f4e1-4822-a062-91fdf30deca6)

23:32:39.153 [pool-2-thread-1] DEBUG net.thucydides.core.reports.ReportService - Processing test outcome As user I want to see books detail:I want to see books detail done

23:32:39.155 [pool-2-thread-1] DEBUG net.thucydides.core.reports.ReportService - Shutting down executor service

23:32:39.156 [pool-2-thread-1] DEBUG net.thucydides.core.reports.ReportService - Reports generated in: 117 ms

23:32:39.156 [pool-2-thread-1] DEBUG net.thucydides.core.reports.ReportService - Generating reports for 1 test outcomes using: net.thucydides.core.reports.html.HtmlAcceptanceTestReporter@4b0b7a65

23:32:39.164 [pool-3-thread-1] DEBUG net.thucydides.core.reports.ReportService - Processing test outcome As user I want to see books detail:I want to see books detail

23:32:39.164 [pool-3-thread-1] INFO net.thucydides.core.reports.ReportService - net.thucydides.core.reports.html.HtmlAcceptanceTestReporter@4b0b7a65: Generating report for test outcome: As user I want to see books detail:I want to see books detail

23:32:39.223 [pool-3-thread-1] DEBUG net.thucydides.core.requirements.model.cucumber.CucumberParser - Added feature As user I want to see books detail

23:32:39.239 [pool-3-thread-1] DEBUG net.thucydides.core.requirements.BaseRequirementsService - Requirement found for test outcome I want to see books detail-[]: Optional[Requirement{name='As user I want to see books detail', type='feature' parent = 'null', cardNumber='null'}]

23:32:39.244 [pool-3-thread-1] DEBUG net.thucydides.core.requirements.BaseRequirementsService - Requirement found for test outcome I want to see books detail-[]: Optional[Requirement{name='As user I want to see books detail', type='feature' parent = 'null', cardNumber='null'}]

23:32:39.407 [pool-3-thread-1] DEBUG net.thucydides.core.requirements.BaseRequirementsService - Requirement found for test outcome I want to see books detail-[]: Optional[Requirement{name='As user I want to see books detail', type='feature' parent = 'null', cardNumber='null'}]

23:32:39.410 [pool-3-thread-1] DEBUG net.thucydides.core.requirements.BaseRequirementsService - Requirement found for test outcome I want to see books detail-[]: Optional[Requirement{name='As user I want to see books detail', type='feature' parent = 'null', cardNumber='null'}]

23:32:39.603 [pool-3-thread-1] DEBUG serenity.reporting - Generating report in ea4f4795abb756188d30f7f2e815a80086497408fc47e633fae2f69d092c5e26_screenshots.html

23:32:40.751 [pool-3-thread-1] DEBUG serenity.reporting - Generated report ea4f4795abb756188d30f7f2e815a80086497408fc47e633fae2f69d092c5e26_screenshots.html in 1148 ms

23:32:42.754 [pool-3-thread-1] DEBUG serenity.reporting - Generating report in ea4f4795abb756188d30f7f2e815a80086497408fc47e633fae2f69d092c5e26.html

23:32:43.345 [pool-3-thread-1] DEBUG serenity.reporting - Generated report ea4f4795abb756188d30f7f2e815a80086497408fc47e633fae2f69d092c5e26.html in 591 ms

23:32:43.346 [pool-3-thread-1] DEBUG net.thucydides.core.reports.ReportService - Processing test outcome As user I want to see books detail:I want to see books detail done

23:32:43.346 [pool-2-thread-1] DEBUG net.thucydides.core.reports.ReportService - Shutting down executor service

23:32:43.346 [pool-2-thread-1] DEBUG net.thucydides.core.reports.ReportService - Reports generated in: 4190 ms

23:32:43.687 [pool-2-thread-1] INFO io.cucumber.core.plugin.SerenityReporter - Cleanup test resources for URI file:///C:/Users/Asus/IdeaProjects/webtest-Ian/src/test/resources/features/books.feature

23:32:43.689 [pool-2-thread-1] DEBUG net.serenitybdd.core.photography.Darkroom - Closing darkroom

23:32:43.699 [pool-2-thread-1] DEBUG net.serenitybdd.core.photography.Darkroom - Closing darkroom


Scenario: I want to see books detail     &amp#27;[90m# src/test/resources/features/books.feature:3&amp#27;[0m
23:31:58.149 [pool-2-thread-1] INFO io.cucumber.core.plugin.SerenityReporter - Running feature from file:///C:/Users/Asus/IdeaProjects/webtest-Ian/src/test/resources/features/books.feature
23:31:58.418 [pool-2-thread-1] INFO  - 
  _____   ___   ___   _____     ___   _____     _     ___   _____   ___   ___  
 |_   _| | __| / __| |_   _|   / __| |_   _|   /_\   | _ \ |_   _| | __| |   \ 
   | |   | _|  \__ \   | |     \__ \   | |    / _ \  |   /   | |   | _|  | |) |
   |_|   |___| |___/   |_|     |___/   |_|   /_/ \_\ |_|_\   |_|   |___| |___/ 

I want to see books detail(as-user-i-want-to-see-books-detail;i-want-to-see-books-detail)
--------------------------------------------------------------------------------
23:31:58.672 [pool-2-thread-1] DEBUG net.thucydides.core.requirements.model.cucumber.CucumberParser - Added feature As user I want to see books detail
23:32:01.337 [pool-2-thread-1] DEBUG net.thucydides.core.steps.StepInterceptor - STARTING STEP: bookStep.detailBukunya - onPage
23:32:01.480 [pool-2-thread-1] INFO net.serenitybdd.core.webdriver.driverproviders.ChromeDriverProvider - Using automatically driver download
23:32:02.686 [pool-2-thread-1] DEBUG io.github.bonigarcia.wdm.cache.ResolutionCache - Removing resolution chrome=100 from cache (expired on Mon Apr 18 23:24:52 WIB 2022)
23:32:02.790 [pool-2-thread-1] DEBUG org.apache.hc.client5.http.impl.classic.InternalHttpClient - ex-00000001: preparing request execution
23:32:02.805 [pool-2-thread-1] DEBUG org.apache.hc.client5.http.protocol.RequestAddCookies - Cookie spec selected: strict
23:32:02.825 [pool-2-thread-1] DEBUG org.apache.hc.client5.http.protocol.RequestAuthCache - Auth cache not set in the context
23:32:02.826 [pool-2-thread-1] DEBUG org.apache.hc.client5.http.impl.classic.ProtocolExec - ex-00000001: target auth state: UNCHALLENGED
23:32:02.828 [pool-2-thread-1] DEBUG org.apache.hc.client5.http.impl.classic.ProtocolExec - ex-00000001: proxy auth state: UNCHALLENGED
23:32:02.829 [pool-2-thread-1] DEBUG org.apache.hc.client5.http.impl.classic.ConnectExec - ex-00000001: acquiring connection with route {s}->https://raw.githubusercontent.com:443
23:32:02.829 [pool-2-thread-1] DEBUG org.apache.hc.client5.http.impl.classic.InternalHttpClient - ex-00000001: acquiring endpoint (3 MINUTES)
23:32:02.833 [pool-2-thread-1] DEBUG org.apache.hc.client5.http.impl.io.PoolingHttpClientConnectionManager - ex-00000001: endpoint lease request (3 MINUTES) [route: {s}->https://raw.githubusercontent.com:443][total available: 0; route allocated: 0 of 5; total allocated: 0 of 25]
23:32:02.852 [pool-2-thread-1] DEBUG org.apache.hc.client5.http.impl.io.PoolingHttpClientConnectionManager - ex-00000001: endpoint leased [route: {s}->https://raw.githubusercontent.com:443][total available: 0; route allocated: 1 of 5; total allocated: 1 of 25]
23:32:02.897 [pool-2-thread-1] DEBUG org.apache.hc.client5.http.impl.io.PoolingHttpClientConnectionManager - ex-00000001: acquired ep-00000000
23:32:02.898 [pool-2-thread-1] DEBUG org.apache.hc.client5.http.impl.classic.InternalHttpClient - ex-00000001: acquired endpoint ep-00000000
23:32:02.898 [pool-2-thread-1] DEBUG org.apache.hc.client5.http.impl.classic.ConnectExec - ex-00000001: opening connection {s}->https://raw.githubusercontent.com:443
23:32:02.900 [pool-2-thread-1] DEBUG org.apache.hc.client5.http.impl.classic.InternalHttpClient - ep-00000000: connecting endpoint (30 SECONDS)
23:32:02.901 [pool-2-thread-1] DEBUG org.apache.hc.client5.http.impl.io.PoolingHttpClientConnectionManager - ep-00000000: connecting endpoint to https://raw.githubusercontent.com:443 (30 SECONDS)
23:32:02.963 [pool-2-thread-1] DEBUG org.apache.hc.client5.http.impl.io.DefaultHttpClientConnectionOperator - http-outgoing-0: connecting to raw.githubusercontent.com/185.199.109.133:443
23:32:02.963 [pool-2-thread-1] DEBUG org.apache.hc.client5.http.ssl.SSLConnectionSocketFactory - Connecting socket to raw.githubusercontent.com/185.199.109.133:443 with timeout 30 SECONDS
23:32:03.131 [pool-2-thread-1] DEBUG org.apache.hc.client5.http.ssl.SSLConnectionSocketFactory - Enabled protocols: [TLSv1.3, TLSv1.2]
23:32:03.131 [pool-2-thread-1] DEBUG org.apache.hc.client5.http.ssl.SSLConnectionSocketFactory - Enabled cipher suites: [TLS_AES_256_GCM_SHA384, TLS_AES_128_GCM_SHA256, TLS_CHACHA20_POLY1305_SHA256, TLS_ECDHE_ECDSA_WITH_AES_256_GCM_SHA384, TLS_ECDHE_ECDSA_WITH_AES_128_GCM_SHA256, TLS_ECDHE_ECDSA_WITH_CHACHA20_POLY1305_SHA256, TLS_ECDHE_RSA_WITH_AES_256_GCM_SHA384, TLS_ECDHE_RSA_WITH_CHACHA20_POLY1305_SHA256, TLS_ECDHE_RSA_WITH_AES_128_GCM_SHA256, TLS_DHE_RSA_WITH_AES_256_GCM_SHA384, TLS_DHE_RSA_WITH_CHACHA20_POLY1305_SHA256, TLS_DHE_DSS_WITH_AES_256_GCM_SHA384, TLS_DHE_RSA_WITH_AES_128_GCM_SHA256, TLS_DHE_DSS_WITH_AES_128_GCM_SHA256, TLS_ECDHE_ECDSA_WITH_AES_256_CBC_SHA384, TLS_ECDHE_RSA_WITH_AES_256_CBC_SHA384, TLS_ECDHE_ECDSA_WITH_AES_128_CBC_SHA256, TLS_ECDHE_RSA_WITH_AES_128_CBC_SHA256, TLS_DHE_RSA_WITH_AES_256_CBC_SHA256, TLS_DHE_DSS_WITH_AES_256_CBC_SHA256, TLS_DHE_RSA_WITH_AES_128_CBC_SHA256, TLS_DHE_DSS_WITH_AES_128_CBC_SHA256, TLS_ECDH_ECDSA_WITH_AES_256_GCM_SHA384, TLS_ECDH_RSA_WITH_AES_256_GCM_SHA384, TLS_ECDH_ECDSA_WITH_AES_128_GCM_SHA256, TLS_ECDH_RSA_WITH_AES_128_GCM_SHA256, TLS_ECDH_ECDSA_WITH_AES_256_CBC_SHA384, TLS_ECDH_RSA_WITH_AES_256_CBC_SHA384, TLS_ECDH_ECDSA_WITH_AES_128_CBC_SHA256, TLS_ECDH_RSA_WITH_AES_128_CBC_SHA256, TLS_ECDHE_ECDSA_WITH_AES_256_CBC_SHA, TLS_ECDHE_RSA_WITH_AES_256_CBC_SHA, TLS_ECDHE_ECDSA_WITH_AES_128_CBC_SHA, TLS_ECDHE_RSA_WITH_AES_128_CBC_SHA, TLS_DHE_RSA_WITH_AES_256_CBC_SHA, TLS_DHE_DSS_WITH_AES_256_CBC_SHA, TLS_DHE_RSA_WITH_AES_128_CBC_SHA, TLS_DHE_DSS_WITH_AES_128_CBC_SHA, TLS_ECDH_ECDSA_WITH_AES_256_CBC_SHA, TLS_ECDH_RSA_WITH_AES_256_CBC_SHA, TLS_ECDH_ECDSA_WITH_AES_128_CBC_SHA, TLS_ECDH_RSA_WITH_AES_128_CBC_SHA, TLS_RSA_WITH_AES_256_GCM_SHA384, TLS_RSA_WITH_AES_128_GCM_SHA256, TLS_RSA_WITH_AES_256_CBC_SHA256, TLS_RSA_WITH_AES_128_CBC_SHA256, TLS_RSA_WITH_AES_256_CBC_SHA, TLS_RSA_WITH_AES_128_CBC_SHA, TLS_EMPTY_RENEGOTIATION_INFO_SCSV]
23:32:03.131 [pool-2-thread-1] DEBUG org.apache.hc.client5.http.ssl.SSLConnectionSocketFactory - Starting handshake
23:32:03.477 [pool-2-thread-1] DEBUG org.apache.hc.client5.http.ssl.SSLConnectionSocketFactory - Secure session established
23:32:03.477 [pool-2-thread-1] DEBUG org.apache.hc.client5.http.ssl.SSLConnectionSocketFactory -  negotiated protocol: TLSv1.3
23:32:03.478 [pool-2-thread-1] DEBUG org.apache.hc.client5.http.ssl.SSLConnectionSocketFactory -  negotiated cipher suite: TLS_AES_256_GCM_SHA384
23:32:03.478 [pool-2-thread-1] DEBUG org.apache.hc.client5.http.ssl.SSLConnectionSocketFactory -  peer principal: CN=*.github.io, O="GitHub, Inc.", L=San Francisco, ST=California, C=US
23:32:03.482 [pool-2-thread-1] DEBUG org.apache.hc.client5.http.ssl.SSLConnectionSocketFactory -  peer alternative names: [*.github.io, github.com, *.github.com, www.github.com, github.io, githubusercontent.com, *.githubusercontent.com]
23:32:03.483 [pool-2-thread-1] DEBUG org.apache.hc.client5.http.ssl.SSLConnectionSocketFactory -  issuer principal: CN=DigiCert TLS RSA SHA256 2020 CA1, O=DigiCert Inc, C=US
23:32:03.484 [pool-2-thread-1] DEBUG org.apache.hc.client5.http.impl.io.DefaultHttpClientConnectionOperator - http-outgoing-0: connection established 192.168.0.103:64223<->185.199.109.133:443
23:32:03.487 [pool-2-thread-1] DEBUG org.apache.hc.client5.http.impl.io.PoolingHttpClientConnectionManager - ep-00000000: connected http-outgoing-0
23:32:03.488 [pool-2-thread-1] DEBUG org.apache.hc.client5.http.impl.classic.InternalHttpClient - ep-00000000: endpoint connected
23:32:03.489 [pool-2-thread-1] DEBUG org.apache.hc.client5.http.impl.classic.MainClientExec - ex-00000001: executing GET /bonigarcia/webdrivermanager/master/src/main/resources/commands.properties HTTP/1.1
23:32:03.490 [pool-2-thread-1] DEBUG org.apache.hc.client5.http.impl.classic.InternalHttpClient - ep-00000000: start execution ex-00000001
23:32:03.490 [pool-2-thread-1] DEBUG org.apache.hc.client5.http.impl.io.PoolingHttpClientConnectionManager - ep-00000000: executing exchange ex-00000001 over http-outgoing-0
23:32:03.491 [pool-2-thread-1] DEBUG org.apache.hc.client5.http.headers - http-outgoing-0 >> GET /bonigarcia/webdrivermanager/master/src/main/resources/commands.properties HTTP/1.1
23:32:03.491 [pool-2-thread-1] DEBUG org.apache.hc.client5.http.headers - http-outgoing-0 >> user-agent: Apache-HttpClient/5.0
23:32:03.491 [pool-2-thread-1] DEBUG org.apache.hc.client5.http.headers - http-outgoing-0 >> accept-encoding: gzip, deflate, br
23:32:03.492 [pool-2-thread-1] DEBUG org.apache.hc.client5.http.headers - http-outgoing-0 >> cache-control: max-age=0
23:32:03.492 [pool-2-thread-1] DEBUG org.apache.hc.client5.http.headers - http-outgoing-0 >> connection: keep-alive
23:32:03.492 [pool-2-thread-1] DEBUG org.apache.hc.client5.http.headers - http-outgoing-0 >> Host: raw.githubusercontent.com
23:32:03.492 [pool-2-thread-1] DEBUG org.apache.hc.client5.http.wire - http-outgoing-0 >> "GET /bonigarcia/webdrivermanager/master/src/main/resources/commands.properties HTTP/1.1[\r][\n]"
23:32:03.492 [pool-2-thread-1] DEBUG org.apache.hc.client5.http.wire - http-outgoing-0 >> "user-agent: Apache-HttpClient/5.0[\r][\n]"
23:32:03.492 [pool-2-thread-1] DEBUG org.apache.hc.client5.http.wire - http-outgoing-0 >> "accept-encoding: gzip, deflate, br[\r][\n]"
23:32:03.492 [pool-2-thread-1] DEBUG org.apache.hc.client5.http.wire - http-outgoing-0 >> "cache-control: max-age=0[\r][\n]"
23:32:03.492 [pool-2-thread-1] DEBUG org.apache.hc.client5.http.wire - http-outgoing-0 >> "connection: keep-alive[\r][\n]"
23:32:03.493 [pool-2-thread-1] DEBUG org.apache.hc.client5.http.wire - http-outgoing-0 >> "Host: raw.githubusercontent.com[\r][\n]"
23:32:03.493 [pool-2-thread-1] DEBUG org.apache.hc.client5.http.wire - http-outgoing-0 >> "[\r][\n]"
23:32:03.531 [pool-2-thread-1] DEBUG org.apache.hc.client5.http.wire - http-outgoing-0 << "HTTP/1.1 200 OK[\r][\n]"
23:32:03.531 [pool-2-thread-1] DEBUG org.apache.hc.client5.http.wire - http-outgoing-0 << "Connection: keep-alive[\r][\n]"
23:32:03.531 [pool-2-thread-1] DEBUG org.apache.hc.client5.http.wire - http-outgoing-0 << "Content-Length: 723[\r][\n]"
23:32:03.531 [pool-2-thread-1] DEBUG org.apache.hc.client5.http.wire - http-outgoing-0 << "Cache-Control: max-age=300[\r][\n]"
23:32:03.531 [pool-2-thread-1] DEBUG org.apache.hc.client5.http.wire - http-outgoing-0 << "Content-Security-Policy: default-src 'none'; style-src 'unsafe-inline'; sandbox[\r][\n]"
23:32:03.531 [pool-2-thread-1] DEBUG org.apache.hc.client5.http.wire - http-outgoing-0 << "Content-Type: text/plain; charset=utf-8[\r][\n]"
23:32:03.531 [pool-2-thread-1] DEBUG org.apache.hc.client5.http.wire - http-outgoing-0 << "ETag: W/"e82b438271e9e8680c688b0b680efd0bdd22faa6d6f0a32fc1fd8accc486b67e"[\r][\n]"
23:32:03.532 [pool-2-thread-1] DEBUG org.apache.hc.client5.http.wire - http-outgoing-0 << "Strict-Transport-Security: max-age=31536000[\r][\n]"
23:32:03.532 [pool-2-thread-1] DEBUG org.apache.hc.client5.http.wire - http-outgoing-0 << "X-Content-Type-Options: nosniff[\r][\n]"
23:32:03.532 [pool-2-thread-1] DEBUG org.apache.hc.client5.http.wire - http-outgoing-0 << "X-Frame-Options: deny[\r][\n]"
23:32:03.532 [pool-2-thread-1] DEBUG org.apache.hc.client5.http.wire - http-outgoing-0 << "X-XSS-Protection: 1; mode=block[\r][\n]"
23:32:03.532 [pool-2-thread-1] DEBUG org.apache.hc.client5.http.wire - http-outgoing-0 << "X-GitHub-Request-Id: D0BE:43EA:2161C6:2E9315:625BC80A[\r][\n]"
23:32:03.532 [pool-2-thread-1] DEBUG org.apache.hc.client5.http.wire - http-outgoing-0 << "Content-Encoding: gzip[\r][\n]"
23:32:03.532 [pool-2-thread-1] DEBUG org.apache.hc.client5.http.wire - http-outgoing-0 << "Accept-Ranges: bytes[\r][\n]"
23:32:03.532 [pool-2-thread-1] DEBUG org.apache.hc.client5.http.wire - http-outgoing-0 << "Date: Mon, 18 Apr 2022 16:32:04 GMT[\r][\n]"
23:32:03.532 [pool-2-thread-1] DEBUG org.apache.hc.client5.http.wire - http-outgoing-0 << "Via: 1.1 varnish[\r][\n]"
23:32:03.532 [pool-2-thread-1] DEBUG org.apache.hc.client5.http.wire - http-outgoing-0 << "X-Served-By: cache-qpg1237-QPG[\r][\n]"
23:32:03.532 [pool-2-thread-1] DEBUG org.apache.hc.client5.http.wire - http-outgoing-0 << "X-Cache: HIT[\r][\n]"
23:32:03.532 [pool-2-thread-1] DEBUG org.apache.hc.client5.http.wire - http-outgoing-0 << "X-Cache-Hits: 1[\r][\n]"
23:32:03.533 [pool-2-thread-1] DEBUG org.apache.hc.client5.http.wire - http-outgoing-0 << "X-Timer: S1650299525.645670,VS0,VE1[\r][\n]"
23:32:03.533 [pool-2-thread-1] DEBUG org.apache.hc.client5.http.wire - http-outgoing-0 << "Vary: Authorization,Accept-Encoding,Origin[\r][\n]"
23:32:03.533 [pool-2-thread-1] DEBUG org.apache.hc.client5.http.wire - http-outgoing-0 << "Access-Control-Allow-Origin: *[\r][\n]"
23:32:03.533 [pool-2-thread-1] DEBUG org.apache.hc.client5.http.wire - http-outgoing-0 << "X-Fastly-Request-ID: c8dac2ee38ab5cf2cd85a6ab3237b938c4b8c098[\r][\n]"
23:32:03.533 [pool-2-thread-1] DEBUG org.apache.hc.client5.http.wire - http-outgoing-0 << "Expires: Mon, 18 Apr 2022 16:37:04 GMT[\r][\n]"
23:32:03.533 [pool-2-thread-1] DEBUG org.apache.hc.client5.http.wire - http-outgoing-0 << "Source-Age: 146[\r][\n]"
23:32:03.533 [pool-2-thread-1] DEBUG org.apache.hc.client5.http.wire - http-outgoing-0 << "[\r][\n]"
23:32:03.541 [pool-2-thread-1] DEBUG org.apache.hc.client5.http.headers - http-outgoing-0 << HTTP/1.1 200 OK
23:32:03.541 [pool-2-thread-1] DEBUG org.apache.hc.client5.http.headers - http-outgoing-0 << Connection: keep-alive
23:32:03.541 [pool-2-thread-1] DEBUG org.apache.hc.client5.http.headers - http-outgoing-0 << Content-Length: 723
23:32:03.541 [pool-2-thread-1] DEBUG org.apache.hc.client5.http.headers - http-outgoing-0 << Cache-Control: max-age=300
23:32:03.541 [pool-2-thread-1] DEBUG org.apache.hc.client5.http.headers - http-outgoing-0 << Content-Security-Policy: default-src 'none'; style-src 'unsafe-inline'; sandbox
23:32:03.541 [pool-2-thread-1] DEBUG org.apache.hc.client5.http.headers - http-outgoing-0 << Content-Type: text/plain; charset=utf-8
23:32:03.541 [pool-2-thread-1] DEBUG org.apache.hc.client5.http.headers - http-outgoing-0 << ETag: W/"e82b438271e9e8680c688b0b680efd0bdd22faa6d6f0a32fc1fd8accc486b67e"
23:32:03.542 [pool-2-thread-1] DEBUG org.apache.hc.client5.http.headers - http-outgoing-0 << Strict-Transport-Security: max-age=31536000
23:32:03.542 [pool-2-thread-1] DEBUG org.apache.hc.client5.http.headers - http-outgoing-0 << X-Content-Type-Options: nosniff
23:32:03.542 [pool-2-thread-1] DEBUG org.apache.hc.client5.http.headers - http-outgoing-0 << X-Frame-Options: deny
23:32:03.542 [pool-2-thread-1] DEBUG org.apache.hc.client5.http.headers - http-outgoing-0 << X-XSS-Protection: 1; mode=block
23:32:03.542 [pool-2-thread-1] DEBUG org.apache.hc.client5.http.headers - http-outgoing-0 << X-GitHub-Request-Id: D0BE:43EA:2161C6:2E9315:625BC80A
23:32:03.542 [pool-2-thread-1] DEBUG org.apache.hc.client5.http.headers - http-outgoing-0 << Content-Encoding: gzip
23:32:03.542 [pool-2-thread-1] DEBUG org.apache.hc.client5.http.headers - http-outgoing-0 << Accept-Ranges: bytes
23:32:03.542 [pool-2-thread-1] DEBUG org.apache.hc.client5.http.headers - http-outgoing-0 << Date: Mon, 18 Apr 2022 16:32:04 GMT
23:32:03.542 [pool-2-thread-1] DEBUG org.apache.hc.client5.http.headers - http-outgoing-0 << Via: 1.1 varnish
23:32:03.542 [pool-2-thread-1] DEBUG org.apache.hc.client5.http.headers - http-outgoing-0 << X-Served-By: cache-qpg1237-QPG
23:32:03.542 [pool-2-thread-1] DEBUG org.apache.hc.client5.http.headers - http-outgoing-0 << X-Cache: HIT
23:32:03.542 [pool-2-thread-1] DEBUG org.apache.hc.client5.http.headers - http-outgoing-0 << X-Cache-Hits: 1
23:32:03.542 [pool-2-thread-1] DEBUG org.apache.hc.client5.http.headers - http-outgoing-0 << X-Timer: S1650299525.645670,VS0,VE1
23:32:03.543 [pool-2-thread-1] DEBUG org.apache.hc.client5.http.headers - http-outgoing-0 << Vary: Authorization,Accept-Encoding,Origin
23:32:03.543 [pool-2-thread-1] DEBUG org.apache.hc.client5.http.headers - http-outgoing-0 << Access-Control-Allow-Origin: *
23:32:03.543 [pool-2-thread-1] DEBUG org.apache.hc.client5.http.headers - http-outgoing-0 << X-Fastly-Request-ID: c8dac2ee38ab5cf2cd85a6ab3237b938c4b8c098
23:32:03.543 [pool-2-thread-1] DEBUG org.apache.hc.client5.http.headers - http-outgoing-0 << Expires: Mon, 18 Apr 2022 16:37:04 GMT
23:32:03.543 [pool-2-thread-1] DEBUG org.apache.hc.client5.http.headers - http-outgoing-0 << Source-Age: 146
23:32:03.550 [pool-2-thread-1] DEBUG org.apache.hc.client5.http.impl.classic.MainClientExec - ex-00000001: connection can be kept alive for 3 MINUTES
23:32:03.560 [pool-2-thread-1] DEBUG org.apache.hc.client5.http.wire - http-outgoing-0 << "[0x1f][0xffffff8b][0x8][0x0][0x0][0x0][0x0][0x0][0x0][0x3][0xffffffb5]V]o[0xffffffda]0[0x14]}[0xffffffe7]W\[0xffffff81]*[0xffffffb5][0x12][0x1f][[M[0xffffffd3]$[0x1e]hF[0xffffffbb]i [0x18][0xffffffb4][0xffffffdd]&[0xfffffff9][0xffffffc5]$7[0xffffffc1]R[0x12]#;[0xffffff94]v[0xffffffbf]~[0xffffffb6][0xfffffff3]1[0xffffff92][0xffffff9a][0xffffffc1][0x1a]x[0xffffffcb][0xffffffb5][0xffffffaf][0xffffffcf]9[0xffffffbe][0xfffffff7]8v[0xb][0x1c][0x1e]E4[0xfffffff6]$x4[0xffffffa1][0xb]*[0xffffffb1][0xffffffd1][0xffffff82][0xfffffffb]%[0xffffff93][0xffffffe0][0xffffffb3][0x10][0xffffffc1][0xffffffe5]qBY,!Y[0xffffffea] KM8,[0x10][0xfffffff0][0x19][0xffffffdd]u[0xffffff82][0x1e][0xffffffb0][0xffffffd8]L[0xffffffcb]%[0xffffff86][0xffffffa1][0xe][0xffffffb8][0xfffffff0]P[0xffffffe8]$[0xf][0x13]t[0x13]3[0xfffffff9][0xffffff84]B2[0xffffffae][0xffffffe6]|@[0xfffffff5][0x1d][0x8][0xffffffc4][0x18][0x16][0xffffff82]o[0xffffffa4][0xffffff9a]P[0xffffff94][0xffffffe7][0xffffffce]R[0xfffffff0][0x8][0xffffffdb]p[0xffffffcb][0x4][0xfffffffa][0xfffffffc][0xffffffb9][\r][0xffffff93][0x15][\n]"
23:32:03.561 [pool-2-thread-1] DEBUG org.apache.hc.client5.http.wire - http-outgoing-0 << "[0xffffffda][0xffffff86][0xffffffa1][0x17][0xffffffa8]Q3[0xffffffcb][0xffffffd6][0xffffffd1][0xffffff85][0xffffffc6][0xfffffff7][0xffffff98][0xffffffef][0xffffffa3][0xffffffc0]8[0x1][0xffffffae]s[0x12][0x16][0x7] _d[0xffffff82][0xffffff91][0xffffff84][0xfffffff3][0x1f],[0xfffffff6][0x14]j[0x1b]F,^+[0xffffff98]1ua2[0xffffffbf]h([0xffffff8e][0xffffff94][0xffffffa2][0xffffff91]m[0xffffffa3][0xffffffeb][0xffffff9a][0xffffffb0][0xffffffbb]I[0x17]t[0xffffffdf][0xffffffbd][0xffffffef][0xffffffbb][0xffffff91][0xffffffd7]U[0xffffffbb][0xffffff82][0xffffff9e][0x3][0xffffff9b][0xffffff88][0xffffffb9][0xffffffa6]$[0xffffffa6][0xc][0xffffff9b][0xffffffa5][0xffffffe2][0xffffff83][0xffffff98]F[0xffffffd8]o[0xffffff9e]Mg[0xffffff93][0xffffffbb][0xffffffd9]`|[0xfffffffb]u4[0xffffff9c][0x7f]"}B[0xffffffce][0x8][0xffffffb9][0xffffffe3]<[0x8][0xffffff91][0xffffff90][0xffffff94][0xffffff82][0xffffff90][0xffffffc1]j[0x15]2WI[0xffffffe3]1![0x19][0xffffff91]BnB[0xffffff80][0x9]<f[0xffffffb5][0xffffffe8]=[0xffffffd1]p[0xffffffbd][[0xffffffcf][0xffffffe5][0x1b][0xfffffff4][0xffffff9c][0xffffffff][0xfffffffc][0xfffffff8][0xffffffe1][0xffffffe2][0xffffff94][0xffffffa2][0xffffffae][0xe][0x14]5[0xffffff9a]8[0xffffff83][0xffffffd1]`:[0xfffffffd]<[0xffffffb8][0x1f][0xffffff9c]R[0xffffffcf]u[0x7f]6[0xffffffbc][0xffffff83][0xffffffef][0xf][0xffffffc3][0xffffffd9]/[0xfffffff8][0xfffffff2][0xffffffcd]y s[0xffffffee]'[0x1b]*0g[0xffffffcb][0xffffffc8]nF7H][0xffffff83][0xffffff97]{[0xffffffb1]Q[0x5][\r][0xffffffb5]c[0xffffffb4][0xf][0x2][0xffffffb3][0xffffffb4][0xffffff93][0xe]C[0xffffffa7][0xffffffb3]kAD][0xffffff9d][0xffffffde][0xffffffdb][0xffffffda][0xffffff88][0xffffffec][0xffffffa5][0xffffffbc][0xffffff99][0xffffffd9][0xffffffba]t[0xffffffb5][0xffffffea]9[0xffffffea][0x10])[0xffffffb7][0xffffffca][0xffffff9e][0xfffffff2][0xffffffe2]d^N[0xffffffd8]FW[0x16][0xffffffcd][0xffffffdc]_[0x10][0xfffffff9]i|[0x1c][0xffffff93][0xffffff8e][0xfffffff9]o[0x16][0xffffff86]4'!$G[0xffffffdf]W[0xfffffff4]W*j[[0xfffffff3]xR[0xffffffae][0xffffffb6][0xc][0xffffffd0],; #[0xffffffa9][0xffffff92]5[0xffffffb5][0x7][0xffffff9c][0xffffffb5][0xffffffd0][0x7f][0xffffff90][0xffffffc7]jgs[0xfffffffc][0xffffffc2][0xb][0xffffffd9][0x0]t[0xffffff9e]^'Y[0xfffffffb][0xffffff9f][0xffffffb1][0xffffffd8]:[0xffffffbf][0xffffff8d][0xffffffa5][0xffffff9a][0xffffffad][0x7f]m[0x5]&[0xffffffaa][0xffffffa0]^[0xffffff9b][0xffffffcb][0x5]f[0xffffffae][0xffffffe0]RU[0xffffff82][0x10]MS9l[0xffffff91]4t[0xfffffffb][0xffffff8a]][0xffffffd6][0xfffffff4][0xffffff96][0xffffffa6][0xffffff9f]P[0xffffffce][0xffffffd5][0xffffffce][0xffffff93][0xffffffff][0xffffff97][0xffffffcc]p[0xfffffffd][0xfffffff3][0xffffffe8][0x1b][0xffffffcc][0xffffffa2][0xffffffd9]Q[0xffffffbe][0xffffffb2][0xffffffa3][0xffffffc7]m'[0xffffffdf][0xffffffe4][[0xfffffffb]^[0xffffffb0][0xffffff9a][0xffffffbe][0xffffffda][0xffffffda]_[0xffffffce][0xffffff80][0xffffffd2][0xffffffc1]7[0xffffffb7]][0xffffffc1]b[0xffffffee][0xffffffb5][0xffffffff]w[0xffffff83][0xffffffed][0xffffffa7];[0x15]<[0x10]4[0xffffff92][0xffffff84][0x18][\n]"
23:32:03.561 [pool-2-thread-1] DEBUG org.apache.hc.client5.http.wire - http-outgoing-0 << "BB[0xffffffba][0xffffff8e]][0xffffffb5]jo[0xffffffb9]+"[0xffffffea][0xffffffb4][0xffffffff]h"[0xffffffea]\?5[0xffffffa9][0xffffffaf]k[0xffffffec][0xffffffff]P[0xffffffea][\n]"
23:32:03.561 [pool-2-thread-1] DEBUG org.apache.hc.client5.http.wire - http-outgoing-0 << "w[0xffffffe1]K[0x13][0xffffffda][0xffffffec][0xffffff98][0xffffffe6]Y[0xfffffffd]h8m6[0xffffff9c]T[0xffffffc1][0xfffffff2][0xffffffa7][0xffffff91]z_[0xffffff95]o85p[0x1c][0x13][0xffffffe6][0xfffffff0]5[0xffffffee][0xfffffffc][0xffffff92][0xffffff96][0xffffffda][0xfffffff7][0xffffffcf][0xffffffb1][0x5][0x1d][0xffffffea]K[0xffffff9b]9[0xffffff8e][0xffffffad]e[0xfffffff7][0xffffff93][0xffffffa8]`[0xffffffda][0xffffffff][0x1a][0xffffffd2][0xffffff88][0xffffff85][0xfffffffd][0xfffffff2][0xffffff91]N[0xfffffff6]`[0xffffffdf]2[0xffffffcf][0xffffffae]E[0xffffff97][0xffffffc5][0xffffffa2][0xffffff9d][0xffffffef]'[0xffffff9d]mun.[0xffffffd3]f^[0xffffffc7][0xffffff82][0xffffffda][0xffffff82]9[0xfffffff5][0xffffffa9]`[0x5][0xffffffbc]4[0xffffffa1][0x1d]<M[0xffffffb5]A[0xffffffa7]3[[0xffffffc0][0x7f][0x0][0xffffffc1][0xffffffd0]$[0xffffff85][0x1d][\r][0x0][0x0]"
23:32:03.566 [pool-2-thread-1] DEBUG org.apache.hc.client5.http.impl.classic.InternalHttpClient - ep-00000000: releasing valid endpoint
23:32:03.566 [pool-2-thread-1] DEBUG org.apache.hc.client5.http.impl.io.PoolingHttpClientConnectionManager - ep-00000000: releasing endpoint
23:32:03.567 [pool-2-thread-1] DEBUG org.apache.hc.client5.http.impl.io.PoolingHttpClientConnectionManager - ep-00000000: connection http-outgoing-0 can be kept alive for 3 MINUTES
23:32:03.568 [pool-2-thread-1] DEBUG org.apache.hc.client5.http.impl.io.PoolingHttpClientConnectionManager - ep-00000000: connection released [route: {s}->https://raw.githubusercontent.com:443][total available: 1; route allocated: 1 of 5; total allocated: 1 of 25]
23:32:03.569 [pool-2-thread-1] DEBUG io.github.bonigarcia.wdm.versions.VersionDetector - Detecting chrome version using online commands.properties
23:32:03.575 [pool-2-thread-1] DEBUG io.github.bonigarcia.wdm.versions.Shell - Running command on the shell: [cmd.exe, /C, wmic, datafile, where, name="%PROGRAMFILES:\=\\%\\Google\\Chrome\\Application\\chrome.exe", get, Version, /value]
23:32:04.010 [pool-2-thread-1] DEBUG io.github.bonigarcia.wdm.versions.Shell - Result: 
23:32:04.011 [pool-2-thread-1] DEBUG io.github.bonigarcia.wdm.versions.Shell - Running command on the shell: [cmd.exe, /C, wmic, datafile, where, name="%PROGRAMFILES(X86):\=\\%\\Google\\Chrome\\Application\\chrome.exe", get, Version, /value]
23:32:04.290 [pool-2-thread-1] DEBUG io.github.bonigarcia.wdm.versions.Shell - Result: Version=100.0.4896.127
23:32:04.310 [pool-2-thread-1] DEBUG io.github.bonigarcia.wdm.cache.ResolutionCache - Resolution chrome100=100.0.4896.60 in cache (valid until 17:18:27 19/04/2022 WIB)
23:32:04.311 [pool-2-thread-1] INFO io.github.bonigarcia.wdm.WebDriverManager - Using chromedriver 100.0.4896.60 (resolved driver for Chrome 100)
23:32:04.333 [pool-2-thread-1] DEBUG io.github.bonigarcia.wdm.cache.ResolutionCache - Storing resolution chrome=100 in cache (valid until 00:32:04 19/04/2022 WIB)
23:32:04.355 [pool-2-thread-1] DEBUG io.github.bonigarcia.wdm.WebDriverManager - Driver chromedriver 100.0.4896.60 found in cache
23:32:04.363 [pool-2-thread-1] INFO io.github.bonigarcia.wdm.WebDriverManager - Exporting webdriver.chrome.driver as C:\Users\Asus\.cache\selenium\chromedriver\win32\100.0.4896.60\chromedriver.exe
23:32:07.776 [pool-2-thread-1] INFO net.serenitybdd.core.webdriver.driverproviders.ProvideNewDriver - Instantiating driver
23:32:07.776 [pool-2-thread-1] INFO net.serenitybdd.core.webdriver.driverproviders.ProvideNewDriver - Driver capabilities: Capabilities {acceptInsecureCerts: false, base.url: https://demoqa.com/books    , browserName: chrome, chrome.driver: src/test/resources/webdrive..., driver: chrome, goog:chromeOptions: {args: [], extensions: []}, loggingPrefs: org.openqa.selenium.logging...}
23:32:26.348 [pool-2-thread-1] DEBUG net.serenitybdd.core.photography.Darkroom - Opening darkroom
23:32:26.364 [Darkroom Processing Line] DEBUG net.serenitybdd.core.photography.DarkroomProcessingLine - Darkroom processing line starting up
23:32:26.827 [pool-2-thread-1] DEBUG net.serenitybdd.core.photography.Darkroom - Send negative for processing for target\site\serenity\0dbc761087d01c054c072529a4874f4380a2cf241b78e3ac38d12b95ab60a4d0.png
23:32:26.828 [Darkroom Processing Line] DEBUG net.serenitybdd.core.photography.DarkroomProcessingLine - Processing screenshot image in /var/screenshots/screenshot-8928189910537179995
23:32:26.828 [Darkroom Processing Line] DEBUG net.serenitybdd.core.photography.DarkroomProcessingLine - Saving screenshot to target\site\serenity\0dbc761087d01c054c072529a4874f4380a2cf241b78e3ac38d12b95ab60a4d0.png
23:32:26.844 [pool-2-thread-1] DEBUG net.thucydides.core.steps.StepInterceptor - STEP DONE: onPage
23:32:26.872 [pool-2-thread-1] DEBUG net.thucydides.core.steps.StepInterceptor - STARTING STEP: bookStep.detailBukunya - validasiHomepage
23:32:27.575 [pool-2-thread-1] DEBUG net.serenitybdd.core.photography.Darkroom - Send negative for processing for target\site\serenity\0dbc761087d01c054c072529a4874f4380a2cf241b78e3ac38d12b95ab60a4d0.png
23:32:27.576 [pool-2-thread-1] DEBUG net.thucydides.core.steps.StepInterceptor - STEP DONE: validasiHomepage
  &amp#27;[32mGiven &amp#27;[0m&amp#27;[32mI on book store page&amp#27;[0m             &amp#27;[90m# starter.stepdefinitions.bookStep.detailBukunya()&amp#27;[0m
23:32:28.538 [pool-2-thread-1] DEBUG net.serenitybdd.core.photography.Darkroom - Send negative for processing for target\site\serenity\9bdfa8c2232238abeb28188f3e801ed01a179f436c5b3ae7db541ac300c3a8d6.png
23:32:28.540 [Darkroom Processing Line] DEBUG net.serenitybdd.core.photography.DarkroomProcessingLine - Processing screenshot image in /var/screenshots/screenshot-15437993160783980260
23:32:28.541 [Darkroom Processing Line] DEBUG net.serenitybdd.core.photography.DarkroomProcessingLine - Saving screenshot to target\site\serenity\9bdfa8c2232238abeb28188f3e801ed01a179f436c5b3ae7db541ac300c3a8d6.png
  &amp#27;[32mWhen &amp#27;[0m&amp#27;[32mI click on You Don't Know JS book&amp#27;[0m &amp#27;[90m# starter.stepdefinitions.bookStep.klikBukuyangdipilih()&amp#27;[0m
23:32:35.241 [pool-2-thread-1] DEBUG net.serenitybdd.core.photography.Darkroom - Send negative for processing for target\site\serenity\c4bf4d15697b4659726a45812cf7bd20c3108b04da38ae70614e913031c96ee4.png
23:32:35.245 [Darkroom Processing Line] DEBUG net.serenitybdd.core.photography.DarkroomProcessingLine - Processing screenshot image in /var/screenshots/screenshot-5716050367594968472
23:32:35.245 [Darkroom Processing Line] DEBUG net.serenitybdd.core.photography.DarkroomProcessingLine - Saving screenshot to target\site\serenity\c4bf4d15697b4659726a45812cf7bd20c3108b04da38ae70614e913031c96ee4.png
23:32:35.279 [pool-2-thread-1] DEBUG net.thucydides.core.steps.StepInterceptor - STARTING STEP: bookStep.halamanPindah - validasiHalamanBaru
23:32:37.459 [pool-2-thread-1] DEBUG net.serenitybdd.core.photography.Darkroom - Send negative for processing for target\site\serenity\16f35998a1da59c9ce81945813c763c0df1b90b5b1691246215641f07bf7d56c.png
23:32:37.460 [pool-2-thread-1] DEBUG net.thucydides.core.steps.StepInterceptor - STEP DONE: validasiHalamanBaru
  &amp#27;[32mThen &amp#27;[0m&amp#27;[32mI can see the detail of a book&amp#27;[0m    &amp#27;[90m# starter.stepdefinitions.bookStep.halamanPindah()&amp#27;[0m
23:32:37.461 [Darkroom Processing Line] DEBUG net.serenitybdd.core.photography.DarkroomProcessingLine - Processing screenshot image in /var/screenshots/screenshot-18365713126276895660
23:32:37.461 [Darkroom Processing Line] DEBUG net.serenitybdd.core.photography.DarkroomProcessingLine - Saving screenshot to target\site\serenity\16f35998a1da59c9ce81945813c763c0df1b90b5b1691246215641f07bf7d56c.png
23:32:37.492 [pool-2-thread-1] INFO  - 
  _____   ___   ___   _____     ___     _     ___   ___   ___   ___  
 |_   _| | __| / __| |_   _|   | _ \   /_\   / __| / __| | __| |   \ 
   | |   | _|  \__ \   | |     |  _/  / _ \  \__ \ \__ \ | _|  | |) |
   |_|   |___| |___/   |_|     |_|   /_/ \_\ |___/ |___/ |___| |___/ 

I want to see books detail
----------------------------------------------------------------------
23:32:43.689 [Darkroom Processing Line] DEBUG net.serenitybdd.core.photography.DarkroomProcessingLine - Darkroom processing line shutting down
]]></system-out>
    <system-err><![CDATA[Starting ChromeDriver 100.0.4896.60 (6a5d10861ce8de5fce22564658033b43cb7de047-refs/branch-heads/4896@{#875}) on port 34634
Only local connections are allowed.
Please see https://chromedriver.chromium.org/security-considerations for suggestions on keeping ChromeDriver safe.
ChromeDriver was started successfully.
Apr 18, 2022 11:32:13 PM org.openqa.selenium.remote.ProtocolHandshake createSession
INFO: Detected dialect: W3C
]]></system-err>
  </testcase>
</testsuite>